<?xml version="1.0" encoding="UTF-8"?>
<testng-results ignored="0" total="1" passed="1" failed="0" skipped="0">
  <reporter-output>
  </reporter-output>
  <suite started-at="2023-11-30T13:09:03 IST" name="Default suite" finished-at="2023-11-30T13:09:35 IST" duration-ms="31596">
    <groups>
    </groups>
    <test started-at="2023-11-30T13:09:03 IST" name="Default test" finished-at="2023-11-30T13:09:35 IST" duration-ms="31596">
      <class name="testngpkg.Datepicker">
        <test-method is-config="true" signature="setup()[pri:0, instance:testngpkg.Datepicker@201a4587]" started-at="2023-11-30T13:09:03 IST" name="setup" finished-at="2023-11-30T13:09:32 IST" duration-ms="28617" status="PASS">
          <reporter-output>
          </reporter-output>
        </test-method> <!-- setup -->
        <test-method signature="datepickertest()[pri:0, instance:testngpkg.Datepicker@201a4587]" started-at="2023-11-30T13:09:32 IST" name="datepickertest" finished-at="2023-11-30T13:09:35 IST" duration-ms="2893" status="PASS">
          <reporter-output>
          </reporter-output>
        </test-method> <!-- datepickertest -->
      </class> <!-- testngpkg.Datepicker -->
    </test> <!-- Default test -->
  </suite> <!-- Default suite -->
</testng-results>
